\BOOKMARK [0][-]{section*.1}{\376\377\000I\000n\000d\000i\000c\000e}{}% 1
\BOOKMARK [0][-]{chapter.1}{\376\377\000A\000m\000i\000c\000i\000\040\000S\000i\000n\000c\000e\000r\000i}{}% 2
\BOOKMARK [0][-]{chapter.2}{\376\377\000L\000'\000i\000n\000d\000o\000r\000a\000t\000o\000r\000e}{}% 3
\BOOKMARK [0][-]{chapter.3}{\376\377\000U\000n\000\040\000S\000t\000i\000c\000h\000\350\000t}{}% 4
\BOOKMARK [0][-]{chapter.4}{\376\377\000L\000a\000\040\000p\000a\000l\000e\000t\000t\000a\000\040\000d\000e\000l\000l\000a\000\040\000F\000i\000l\000o\000m\000e\000n\000a}{}% 5
\BOOKMARK [0][-]{chapter.5}{\376\377\000D\000o\000n\000\040\000M\000a\000t\000t\000e\000o\000\040\000G\000.\000\040\000e\000\040\000l\000e\000\040\000s\000u\000e\000\040\000p\000r\000e\000d\000i\000c\000h\000e}{}% 6
\BOOKMARK [0][-]{chapter.6}{\376\377\000D\000o\000n\000\040\000C\000a\000r\000l\000o\000\040\000M\000,\000\040\000l\000e\000\040\000s\000u\000e\000\040\000t\000r\000i\000n\000c\000a\000t\000e\000\040\000e\000\040\000l\000a\000\040\000m\000o\000r\000o\000s\000a\000\040\000d\000i\000\040\000P\000i\000e\000r\000i\000n\000o\000\040\000B\000o\000n\000a\000f\000i\000r\000m\000a}{}% 7
\BOOKMARK [0][-]{chapter.7}{\376\377\000L\000a\000\040\000N\000u\000o\000v\000a\000\040\000B\000e\000c\000c\000h\000e\000r\000i\000a\000\040\000-\000\040\000a\000v\000v\000i\000s\000o}{}% 8
\BOOKMARK [0][-]{chapter.8}{\376\377\000E\000l\000o\000g\000i\000o\000\040\000F\000u\000n\000e\000b\000r\000e\000\040\000-\000\040\000L\000e\000\040\000v\000o\000t\000a\000z\000i\000o\000n\000i\000\040\000p\000l\000e\000b\000i\000s\000c\000i\000t\000a\000r\000i\000e\000\040\000-\000\040\000R\000i\000v\000a\000l\000i\000t\000\340\000\040\000d\000'\000a\000m\000o\000r\000e}{}% 9
\BOOKMARK [0][-]{chapter.9}{\376\377\000L\000e\000\040\000g\000r\000a\000n\000d\000i\000\040\000f\000i\000r\000m\000e}{}% 10
\BOOKMARK [0][-]{chapter.10}{\376\377\000I\000\040\000g\000r\000a\000n\000d\000i\000\040\000e\000l\000e\000t\000t\000o\000r\000i}{}% 11
\BOOKMARK [0][-]{chapter.11}{\376\377\000F\000a\000m\000m\000i\000\040\000l\000u\000m\000e}{}% 12
\BOOKMARK [0][-]{chapter.12}{\376\377\000U\000n\000'\000a\000n\000t\000i\000c\000a\000\040\000l\000e\000t\000t\000e\000r\000a\000\040\000a\000m\000o\000r\000o\000s\000a}{}% 13
\BOOKMARK [0][-]{chapter.13}{\376\377\000I\000\040\000p\000a\000l\000e\000t\000t\000i\000\040\000b\000i\000a\000n\000c\000h\000i\000\040\000d\000e\000l\000l\000e\000\040\000s\000t\000r\000a\000d\000e}{}% 14
\BOOKMARK [0][-]{chapter.14}{\376\377\000D\000a\000\040\0001\0005\000\040\000a\000\040\0002\0000\000\040\000p\000a\000o\000l\000i\000\040\000d\000i\000\040\000s\000t\000i\000p\000e\000n\000d\000i\000o}{}% 15
\BOOKMARK [0][-]{chapter.15}{\376\377\000A\000l\000t\000,\000\040\000c\000h\000i\000\040\000v\000a\000\040\000l\000\340}{}% 16
\BOOKMARK [0][-]{chapter.16}{\376\377\000C\000o\000m\000e\000\040\000s\000i\000\040\000p\000u\000\362\000\040\000c\000a\000m\000b\000i\000a\000r\000e\000\040\000b\000a\000n\000d\000i\000e\000r\000a}{}% 17
\BOOKMARK [0][-]{chapter.17}{\376\377\000T\000r\000e\000\040\000t\000e\000s\000t\000e\000\040\000d\000a\000\040\000c\000a\000p\000e\000s\000t\000r\000o\000\040\000t\000u\000t\000t\000e\000\040\000e\000\040\000t\000r\000e}{}% 18
\BOOKMARK [0][-]{chapter.18}{\376\377\000B\000e\000n\000e\000d\000e\000t\000t\000e\000\040\000l\000e\000\040\000t\000u\000e\000\040\000g\000a\000m\000b\000e}{}% 19
\BOOKMARK [0][-]{chapter.19}{\376\377\000L\000a\000\040\000c\000o\000m\000m\000e\000d\000i\000a\000\040\000d\000i\000\040\000C\000i\000r\000o\000\040\000-\000\040\000I\000n\000\040\000p\000e\000n\000s\000i\000o\000n\000e}{}% 20
\BOOKMARK [0][-]{chapter.20}{\376\377\000G\000l\000i\000\040\000a\000r\000t\000i\000g\000i\000a\000n\000i}{}% 21
\BOOKMARK [0][-]{chapter.21}{\376\377\000U\000n\000o\000\040\000s\000p\000u\000n\000t\000i\000n\000o}{}% 22
\BOOKMARK [0][-]{chapter.22}{\376\377\000L\000a\000\040\000p\000a\000r\000o\000l\000a\000\040\000-\000\040\000V\000i\000r\000t\000\371\000\040\000d\000e\000l\000\040\000v\000i\000n\000o}{}% 23
\BOOKMARK [0][-]{chapter.23}{\376\377\000L\000'\000i\000s\000t\000r\000u\000m\000e\000n\000t\000o\000\040\000d\000i\000\040\000d\000i\000v\000i\000s\000i\000o\000n\000e\000\040\000-\000\040\000t\000r\000e\000\040\000p\000a\000o\000l\000i}{}% 24
\BOOKMARK [0][-]{chapter.24}{\376\377\000I\000\040\000b\000a\000t\000o\000c\000c\000h\000i\000\040\000d\000e\000l\000l\000e\000\040\000c\000a\000m\000p\000a\000n\000e}{}% 25
\BOOKMARK [0][-]{chapter.25}{\376\377\000I\000\040\000f\000u\000n\000e\000r\000a\000l\000i\000\040\000d\000i\000\040\0001\000\252\000,\000\040\0002\000\252\000,\000\040\0003\000\252\000,\000\040\0004\000\252\000\040\000c\000l\000a\000s\000s\000e}{}% 26
\BOOKMARK [0][-]{chapter.26}{\376\377\000I\000\040\000p\000i\000s\000e\000l\000l\000i\000\040\000e\000\040\000l\000a\000\040\000r\000u\000v\000a\000g\000l\000i\000a}{}% 27
\BOOKMARK [0][-]{chapter.27}{\376\377\000B\000o\000a\000r\000i\000\040\000-\000\040\000I\000l\000\040\000s\000e\000c\000c\000h\000i\000o\000\040\000e\000\040\000i\000l\000\040\000p\000o\000z\000z\000o\000\040\000-\000\040\000L\000'\000i\000p\000e\000p\000a\000c\000u\000a\000n\000a}{}% 28
\BOOKMARK [0][-]{chapter.28}{\376\377\000U\000n\000o\000\040\000s\000t\000r\000o\000n\000z\000o\000\040\000n\000e\000l\000l\000a\000\040\000p\000e\000n\000t\000o\000l\000a}{}% 29
\BOOKMARK [0][-]{chapter.29}{\376\377\000I\000\040\000m\000a\000e\000s\000t\000r\000i\000\040\000d\000i\000\040\000l\000i\000n\000g\000u\000a\000\040\000-\000\040\000A\000r\000a\000l\000d\000o\000\040\000i\000l\000\040\000C\000a\000p\000o\000l\000e\000g\000a\000\040\000B\000.\000.\000.}{}% 30
\BOOKMARK [0][-]{chapter.30}{\376\377\000I\000l\000\040\000f\000a\000n\000a\000l\000e\000\040\000e\000d\000\040\000i\000\040\000b\000i\000s\000o\000g\000n\000o\000s\000i\000\040\000d\000i\000\040\000u\000n\000\040\000a\000l\000b\000e\000r\000o}{}% 31
\BOOKMARK [0][-]{chapter.31}{\376\377\000I\000n\000\040\000p\000r\000e\000t\000u\000r\000a\000\040\000-\000\040\0001\0002\000\040\000s\000c\000u\000d\000i\000\040\000a\000l\000l\000'\000a\000v\000v\000o\000c\000a\000t\000o\000\040\000-\000\040\000S\000e\000n\000t\000e\000n\000z\000a\000\040\000p\000e\000r\000\040\000d\000o\000n\000n\000e\000\040\000-\000\040\000I\000n\000t\000e\000r\000r\000o\000g\000a\000t\000o\000r\000i\000o\000\040\000-\000\040\000U\000n\000\040\000T\000e\000s\000t\000i\000m\000o\000n\000i\000o\000\040\000-\000\040\000D\000u\000e\000\040\000a\000s\000i\000n\000e\000l\000l\000i}{}% 32
\BOOKMARK [0][-]{chapter.32}{\376\377\000H\000o\000\040\000t\000r\000o\000v\000a\000t\000o\000\040\000u\000n\000\040\000t\000e\000s\000o\000r\000o}{}% 33
\BOOKMARK [0][-]{chapter.33}{\376\377\000U\000n\000\040\000t\000i\000p\000o\000\040\000o\000r\000i\000g\000i\000n\000a\000l\000e}{}% 34
\BOOKMARK [0][-]{chapter.34}{\376\377\000U\000n\000\040\000a\000l\000t\000r\000o\000\040\000o\000r\000i\000g\000i\000n\000a\000l\000e\000\040\000-\000\040\000"\000C\000h\000e\000,\000\040\000c\000h\000e\000\040\000s\000i\000c\000u\000r\000e\000z\000z\000a\000\040\000l\000a\000\040\000G\000i\000g\000i\000a\000\040\000l\000'\000\350\000\040\000l\000a\000\040\000m\000i\000"}{}% 35
\BOOKMARK [0][-]{chapter.35}{\376\377\000L\000a\000\040\000f\000e\000s\000t\000a\000\040\000d\000a\000\040\000b\000a\000l\000l\000o\000\040\000d\000e\000i\000\040\000c\000o\000n\000t\000a\000d\000i\000n\000i}{}% 36
\BOOKMARK [0][-]{chapter.36}{\376\377\000L\000'\000a\000t\000t\000o\000\040\000d\000i\000\040\000d\000i\000v\000i\000s\000i\000o\000n\000e\000\040\000t\000r\000a\000\040\000c\000o\000g\000n\000a\000t\000i}{}% 37
\BOOKMARK [0][-]{chapter.37}{\376\377\000U\000n\000\040\000t\000e\000l\000e\000g\000r\000a\000m\000m\000a}{}% 38
\BOOKMARK [0][-]{chapter.38}{\376\377\000U\000n\000\040\000u\000o\000m\000o\000\040\000d\000'\000a\000f\000f\000a\000r\000i\000\040\000i\000n\000t\000r\000a\000p\000r\000e\000n\000d\000e\000n\000t\000e}{}% 39
\BOOKMARK [0][-]{chapter.39}{\376\377\000I\000\040\000s\000o\000c\000i\000,\000\040\000i\000\040\000p\000a\000r\000e\000n\000t\000i}{}% 40
\BOOKMARK [0][-]{chapter.40}{\376\377\000L\000i\000s\000c\000o}{}% 41
\BOOKMARK [0][-]{chapter.41}{\376\377\000I\000\040\000d\000u\000e\000\040\000C\000a\000p\000e\000l\000l\000i\000\040\000-\000\040\000G\000i\000o\000t\000i}{}% 42
\BOOKMARK [0][-]{chapter.42}{\376\377\000I\000l\000\040\000C\000a\000p\000i\000t\000a\000n\000o}{}% 43
\BOOKMARK [0][-]{chapter.43}{\376\377\000C\000a\000p\000i\000t\000o\000l\000i\000\040\000m\000a\000i\000\040\000s\000c\000r\000i\000t\000t\000i}{}% 44
